[Set 3] Epoch:100, learning_rate:0.01, layer:[4, 3, 2, 1]
Epoch 1/100 completed
Epoch 2/100 completed
Epoch 3/100 completed
Epoch 4/100 completed
Epoch 5/100 completed
Epoch 6/100 completed
Epoch 7/100 completed
Epoch 8/100 completed
Epoch 9/100 completed
Epoch 10/100 completed
Epoch 11/100 completed
Epoch 12/100 completed
Epoch 13/100 completed
Epoch 14/100 completed
Epoch 15/100 completed
Epoch 16/100 completed
Epoch 17/100 completed
Epoch 18/100 completed
Epoch 19/100 completed
Epoch 20/100 completed
Epoch 21/100 completed
Epoch 22/100 completed
Epoch 23/100 completed
Epoch 24/100 completed
Epoch 25/100 completed
Epoch 26/100 completed
Epoch 27/100 completed
Epoch 28/100 completed
Epoch 29/100 completed
Epoch 30/100 completed
Epoch 31/100 completed
Epoch 32/100 completed
Epoch 33/100 completed
Epoch 34/100 completed
Epoch 35/100 completed
Epoch 36/100 completed
Epoch 37/100 completed
Epoch 38/100 completed
Epoch 39/100 completed
Epoch 40/100 completed
Epoch 41/100 completed
Epoch 42/100 completed
Epoch 43/100 completed
Epoch 44/100 completed
Epoch 45/100 completed
Epoch 46/100 completed
Epoch 47/100 completed
Epoch 48/100 completed
Epoch 49/100 completed
Epoch 50/100 completed
Epoch 51/100 completed
Epoch 52/100 completed
Epoch 53/100 completed
Epoch 54/100 completed
Epoch 55/100 completed
Epoch 56/100 completed
Epoch 57/100 completed
Epoch 58/100 completed
Epoch 59/100 completed
Epoch 60/100 completed
Epoch 61/100 completed
Epoch 62/100 completed
Epoch 63/100 completed
Epoch 64/100 completed
Epoch 65/100 completed
Epoch 66/100 completed
Epoch 67/100 completed
Epoch 68/100 completed
Epoch 69/100 completed
Epoch 70/100 completed
Epoch 71/100 completed
Epoch 72/100 completed
Epoch 73/100 completed
Epoch 74/100 completed
Epoch 75/100 completed
Epoch 76/100 completed
Epoch 77/100 completed
Epoch 78/100 completed
Epoch 79/100 completed
Epoch 80/100 completed
Epoch 81/100 completed
Epoch 82/100 completed
Epoch 83/100 completed
Epoch 84/100 completed
Epoch 85/100 completed
Epoch 86/100 completed
Epoch 87/100 completed
Epoch 88/100 completed
Epoch 89/100 completed
Epoch 90/100 completed
Epoch 91/100 completed
Epoch 92/100 completed
Epoch 93/100 completed
Epoch 94/100 completed
Epoch 95/100 completed
Epoch 96/100 completed
Epoch 97/100 completed
Epoch 98/100 completed
Epoch 99/100 completed
Epoch 100/100 completed
Training accuracy:
60.45694200351493 %
Validation accuracy:
58.04195804195804 %
Testing accuracy:
68.15642458100558 %
Epoch 1/100 completed
Epoch 2/100 completed
Epoch 3/100 completed
Epoch 4/100 completed
Epoch 5/100 completed
Epoch 6/100 completed
Epoch 7/100 completed
Epoch 8/100 completed
Epoch 9/100 completed
Epoch 10/100 completed
Epoch 11/100 completed
Epoch 12/100 completed
Epoch 13/100 completed
Epoch 14/100 completed
Epoch 15/100 completed
Epoch 16/100 completed
Epoch 17/100 completed
Epoch 18/100 completed
Epoch 19/100 completed
Epoch 20/100 completed
Epoch 21/100 completed
Epoch 22/100 completed
Epoch 23/100 completed
Epoch 24/100 completed
Epoch 25/100 completed
Epoch 26/100 completed
Epoch 27/100 completed
Epoch 28/100 completed
Epoch 29/100 completed
Epoch 30/100 completed
Epoch 31/100 completed
Epoch 32/100 completed
Epoch 33/100 completed
Epoch 34/100 completed
Epoch 35/100 completed
Epoch 36/100 completed
Epoch 37/100 completed
Epoch 38/100 completed
Epoch 39/100 completed
Epoch 40/100 completed
Epoch 41/100 completed
Epoch 42/100 completed
Epoch 43/100 completed
Epoch 44/100 completed
Epoch 45/100 completed
Epoch 46/100 completed
Epoch 47/100 completed
Epoch 48/100 completed
Epoch 49/100 completed
Epoch 50/100 completed
Epoch 51/100 completed
Epoch 52/100 completed
Epoch 53/100 completed
Epoch 54/100 completed
Epoch 55/100 completed
Epoch 56/100 completed
Epoch 57/100 completed
Epoch 58/100 completed
Epoch 59/100 completed
Epoch 60/100 completed
Epoch 61/100 completed
Epoch 62/100 completed
Epoch 63/100 completed
Epoch 64/100 completed
Epoch 65/100 completed
Epoch 66/100 completed
Epoch 67/100 completed
Epoch 68/100 completed
Epoch 69/100 completed
Epoch 70/100 completed
Epoch 71/100 completed
Epoch 72/100 completed
Epoch 73/100 completed
Epoch 74/100 completed
Epoch 75/100 completed
Epoch 76/100 completed
Epoch 77/100 completed
Epoch 78/100 completed
Epoch 79/100 completed
Epoch 80/100 completed
Epoch 81/100 completed
Epoch 82/100 completed
Epoch 83/100 completed
Epoch 84/100 completed
Epoch 85/100 completed
Epoch 86/100 completed
Epoch 87/100 completed
Epoch 88/100 completed
Epoch 89/100 completed
Epoch 90/100 completed
Epoch 91/100 completed
Epoch 92/100 completed
Epoch 93/100 completed
Epoch 94/100 completed
Epoch 95/100 completed
Epoch 96/100 completed
Epoch 97/100 completed
Epoch 98/100 completed
Epoch 99/100 completed
Epoch 100/100 completed
Training accuracy:
76.44991212653778 %
Validation accuracy:
78.32167832167832 %
Testing accuracy:
78.2122905027933 %
Epoch 1/100 completed
Epoch 2/100 completed
Epoch 3/100 completed
Epoch 4/100 completed
Epoch 5/100 completed
Epoch 6/100 completed
Epoch 7/100 completed
Epoch 8/100 completed
Epoch 9/100 completed
Epoch 10/100 completed
Epoch 11/100 completed
Epoch 12/100 completed
Epoch 13/100 completed
Epoch 14/100 completed
Epoch 15/100 completed
Epoch 16/100 completed
Epoch 17/100 completed
Epoch 18/100 completed
Epoch 19/100 completed
Epoch 20/100 completed
Epoch 21/100 completed
Epoch 22/100 completed
Epoch 23/100 completed
Epoch 24/100 completed
Epoch 25/100 completed
Epoch 26/100 completed
Epoch 27/100 completed
Epoch 28/100 completed
Epoch 29/100 completed
Epoch 30/100 completed
Epoch 31/100 completed
Epoch 32/100 completed
Epoch 33/100 completed
Epoch 34/100 completed
Epoch 35/100 completed
Epoch 36/100 completed
Epoch 37/100 completed
Epoch 38/100 completed
Epoch 39/100 completed
Epoch 40/100 completed
Epoch 41/100 completed
Epoch 42/100 completed
Epoch 43/100 completed
Epoch 44/100 completed
Epoch 45/100 completed
Epoch 46/100 completed
Epoch 47/100 completed
Epoch 48/100 completed
Epoch 49/100 completed
Epoch 50/100 completed
Epoch 51/100 completed
Epoch 52/100 completed
Epoch 53/100 completed
Epoch 54/100 completed
Epoch 55/100 completed
Epoch 56/100 completed
Epoch 57/100 completed
Epoch 58/100 completed
Epoch 59/100 completed
Epoch 60/100 completed
Epoch 61/100 completed
Epoch 62/100 completed
Epoch 63/100 completed
Epoch 64/100 completed
Epoch 65/100 completed
Epoch 66/100 completed
Epoch 67/100 completed
Epoch 68/100 completed
Epoch 69/100 completed
Epoch 70/100 completed
Epoch 71/100 completed
Epoch 72/100 completed
Epoch 73/100 completed
Epoch 74/100 completed
Epoch 75/100 completed
Epoch 76/100 completed
Epoch 77/100 completed
Epoch 78/100 completed
Epoch 79/100 completed
Epoch 80/100 completed
Epoch 81/100 completed
Epoch 82/100 completed
Epoch 83/100 completed
Epoch 84/100 completed
Epoch 85/100 completed
Epoch 86/100 completed
Epoch 87/100 completed
Epoch 88/100 completed
Epoch 89/100 completed
Epoch 90/100 completed
Epoch 91/100 completed
Epoch 92/100 completed
Epoch 93/100 completed
Epoch 94/100 completed
Epoch 95/100 completed
Epoch 96/100 completed
Epoch 97/100 completed
Epoch 98/100 completed
Epoch 99/100 completed
Epoch 100/100 completed
Training accuracy:
73.11072056239016 %
Validation accuracy:
65.73426573426573 %
Testing accuracy:
73.74301675977654 %
Epoch 1/100 completed
Epoch 2/100 completed
Epoch 3/100 completed
Epoch 4/100 completed
Epoch 5/100 completed
Epoch 6/100 completed
Epoch 7/100 completed
Epoch 8/100 completed
Epoch 9/100 completed
Epoch 10/100 completed
Epoch 11/100 completed
Epoch 12/100 completed
Epoch 13/100 completed
Epoch 14/100 completed
Epoch 15/100 completed
Epoch 16/100 completed
Epoch 17/100 completed
Epoch 18/100 completed
Epoch 19/100 completed
Epoch 20/100 completed
Epoch 21/100 completed
Epoch 22/100 completed
Epoch 23/100 completed
Epoch 24/100 completed
Epoch 25/100 completed
Epoch 26/100 completed
Epoch 27/100 completed
Epoch 28/100 completed
Epoch 29/100 completed
Epoch 30/100 completed
Epoch 31/100 completed
Epoch 32/100 completed
Epoch 33/100 completed
Epoch 34/100 completed
Epoch 35/100 completed
Epoch 36/100 completed
Epoch 37/100 completed
Epoch 38/100 completed
Epoch 39/100 completed
Epoch 40/100 completed
Epoch 41/100 completed
Epoch 42/100 completed
Epoch 43/100 completed
Epoch 44/100 completed
Epoch 45/100 completed
Epoch 46/100 completed
Epoch 47/100 completed
Epoch 48/100 completed
Epoch 49/100 completed
Epoch 50/100 completed
Epoch 51/100 completed
Epoch 52/100 completed
Epoch 53/100 completed
Epoch 54/100 completed
Epoch 55/100 completed
Epoch 56/100 completed
Epoch 57/100 completed
Epoch 58/100 completed
Epoch 59/100 completed
Epoch 60/100 completed
Epoch 61/100 completed
Epoch 62/100 completed
Epoch 63/100 completed
Epoch 64/100 completed
Epoch 65/100 completed
Epoch 66/100 completed
Epoch 67/100 completed
Epoch 68/100 completed
Epoch 69/100 completed
Epoch 70/100 completed
Epoch 71/100 completed
Epoch 72/100 completed
Epoch 73/100 completed
Epoch 74/100 completed
Epoch 75/100 completed
Epoch 76/100 completed
Epoch 77/100 completed
Epoch 78/100 completed
Epoch 79/100 completed
Epoch 80/100 completed
Epoch 81/100 completed
Epoch 82/100 completed
Epoch 83/100 completed
Epoch 84/100 completed
Epoch 85/100 completed
Epoch 86/100 completed
Epoch 87/100 completed
Epoch 88/100 completed
Epoch 89/100 completed
Epoch 90/100 completed
Epoch 91/100 completed
Epoch 92/100 completed
Epoch 93/100 completed
Epoch 94/100 completed
Epoch 95/100 completed
Epoch 96/100 completed
Epoch 97/100 completed
Epoch 98/100 completed
Epoch 99/100 completed
Epoch 100/100 completed
Training accuracy:
60.45694200351493 %
Validation accuracy:
58.04195804195804 %
Testing accuracy:
68.15642458100558 %
